{
  "RSpec": {
    "coverage": {
      "/home/ubuntu/environment/guard-app/app/helpers/admin_helper.rb": {
        "lines": [
          1,
          null
        ]
      },
      "/home/ubuntu/environment/guard-app/app/helpers/application_helper.rb": {
        "lines": [
          1,
          null
        ]
      },
      "/home/ubuntu/environment/guard-app/app/helpers/user_helper.rb": {
        "lines": [
          1,
          null
        ]
      },
      "/home/ubuntu/environment/guard-app/app/controllers/admin_controller.rb": {
        "lines": [
          1,
          1,
          0,
          null,
          null,
          1,
          0,
          0,
          0,
          0,
          null,
          0,
          0,
          null,
          null,
          0,
          null,
          null,
          null
        ]
      },
      "/home/ubuntu/environment/guard-app/app/controllers/application_controller.rb": {
        "lines": [
          1,
          null
        ]
      },
      "/home/ubuntu/environment/guard-app/app/controllers/user_controller.rb": {
        "lines": [
          1,
          1,
          0,
          null,
          null,
          1,
          0,
          0,
          0,
          0,
          null,
          0,
          0,
          null,
          null,
          0,
          null,
          null,
          null
        ]
      },
      "/home/ubuntu/environment/guard-app/app/models/admin.rb": {
        "lines": [
          1,
          null
        ]
      },
      "/home/ubuntu/environment/guard-app/app/models/application_record.rb": {
        "lines": [
          1,
          1,
          null
        ]
      },
      "/home/ubuntu/environment/guard-app/app/models/user.rb": {
        "lines": [
          1,
          0,
          0,
          0,
          0,
          0,
          0,
          null
        ]
      },
      "/home/ubuntu/environment/guard-app/app/jobs/application_job.rb": {
        "lines": [
          0,
          null,
          null,
          null,
          null,
          null,
          0
        ],
        "branches": {
        }
      },
      "/home/ubuntu/environment/guard-app/app/mailers/application_mailer.rb": {
        "lines": [
          0,
          0,
          0,
          0
        ],
        "branches": {
        }
      },
      "/home/ubuntu/environment/guard-app/app/controllers/schedule_controller.rb": {
        "lines": [
          0,
          null,
          0,
          0,
          0,
          null,
          0,
          0,
          0,
          0,
          0,
          null,
          0,
          0,
          0,
          0,
          null,
          0
        ],
        "branches": {
        }
      },
      "/home/ubuntu/environment/guard-app/app/channels/application_cable/connection.rb": {
        "lines": [
          0,
          0,
          0,
          0
        ],
        "branches": {
        }
      },
      "/home/ubuntu/environment/guard-app/app/channels/application_cable/channel.rb": {
        "lines": [
          0,
          0,
          0,
          0
        ],
        "branches": {
        }
      },
      "/home/ubuntu/environment/guard-app/app/models/schedule.rb": {
        "lines": [
          0,
          0,
          0
        ],
        "branches": {
        }
      }
    },
    "timestamp": 1586132985
  },
  "Cucumber Features": {
    "coverage": {
      "/home/ubuntu/environment/guard-app/app/jobs/application_job.rb": {
        "lines": [
          0,
          null,
          null,
          null,
          null,
          null,
          0
        ],
        "branches": {
        }
      },
      "/home/ubuntu/environment/guard-app/app/mailers/application_mailer.rb": {
        "lines": [
          0,
          0,
          0,
          0
        ],
        "branches": {
        }
      },
      "/home/ubuntu/environment/guard-app/app/controllers/user_controller.rb": {
        "lines": [
          0,
          0,
          0,
          0,
          null,
          0,
          0,
          0,
          0,
          0,
          0,
          0,
          0,
          0,
          null,
          0,
          null,
          0,
          0
        ],
        "branches": {
        }
      },
      "/home/ubuntu/environment/guard-app/app/controllers/admin_controller.rb": {
        "lines": [
          0,
          0,
          0,
          0,
          null,
          0,
          0,
          0,
          0,
          0,
          0,
          0,
          0,
          0,
          null,
          0,
          null,
          0,
          0
        ],
        "branches": {
        }
      },
      "/home/ubuntu/environment/guard-app/app/controllers/application_controller.rb": {
        "lines": [
          0,
          0
        ],
        "branches": {
        }
      },
      "/home/ubuntu/environment/guard-app/app/controllers/schedule_controller.rb": {
        "lines": [
          0,
          null,
          0,
          0,
          0,
          null,
          0,
          0,
          0,
          0,
          0,
          null,
          0,
          0,
          0,
          0,
          null,
          0
        ],
        "branches": {
        }
      },
      "/home/ubuntu/environment/guard-app/app/helpers/user_helper.rb": {
        "lines": [
          0,
          0
        ],
        "branches": {
        }
      },
      "/home/ubuntu/environment/guard-app/app/helpers/admin_helper.rb": {
        "lines": [
          0,
          0
        ],
        "branches": {
        }
      },
      "/home/ubuntu/environment/guard-app/app/helpers/application_helper.rb": {
        "lines": [
          0,
          0
        ],
        "branches": {
        }
      },
      "/home/ubuntu/environment/guard-app/app/channels/application_cable/connection.rb": {
        "lines": [
          0,
          0,
          0,
          0
        ],
        "branches": {
        }
      },
      "/home/ubuntu/environment/guard-app/app/channels/application_cable/channel.rb": {
        "lines": [
          0,
          0,
          0,
          0
        ],
        "branches": {
        }
      },
      "/home/ubuntu/environment/guard-app/app/models/user.rb": {
        "lines": [
          0,
          0,
          0,
          0,
          0,
          0,
          0,
          0
        ],
        "branches": {
        }
      },
      "/home/ubuntu/environment/guard-app/app/models/application_record.rb": {
        "lines": [
          0,
          0,
          0
        ],
        "branches": {
        }
      },
      "/home/ubuntu/environment/guard-app/app/models/schedule.rb": {
        "lines": [
          0,
          0,
          0
        ],
        "branches": {
        }
      },
      "/home/ubuntu/environment/guard-app/app/models/admin.rb": {
        "lines": [
          0,
          0
        ],
        "branches": {
        }
      }
    },
    "timestamp": 1586133272
  }
}
